<?xml version="1.0" encoding="UTF-8"?>
<!-- Generated by org.testng.reporters.JUnitReportReporter -->
<testsuite hostname="LAPTOP-8434QNBV" failures="0" tests="5" name="api.testcases.PetTest" time="20.392" errors="0" timestamp="2025-05-13T20:15:18 IST" skipped="0">
  <testcase classname="api.testcases.PetTest" name="TestPostNewPet" time="4.238"/>
  <system-out/>
  <testcase classname="api.testcases.PetTest" name="TestUploadPetImage" time="12.086"/>
  <system-out/>
  <testcase classname="api.testcases.PetTest" name="TestPutPet" time="1.118"/>
  <system-out/>
  <testcase classname="api.testcases.PetTest" name="TestGetPetByid" time="1.417"/>
  <system-out/>
  <testcase classname="api.testcases.PetTest" name="TestGetPetByStatus" time="1.533"/>
  <system-out/>
</testsuite> <!-- api.testcases.PetTest -->
